<?xml version="1.0" encoding="UTF-8"?>
<!-- Generated by org.testng.reporters.JUnitXMLReporter -->
<testsuite ignored="0" hostname="TechAnim" failures="0" tests="3" name="Default test" time="43.324" errors="0" timestamp="29 Dec 2023 23:30:47 GMT">
  <testcase classname="com.demoProject.TestClass1" name="Test1" time="2.639"/>
  <testcase classname="com.demoProject.TestClass1" name="Test2" time="10.249"/>
  <testcase classname="com.demoProject.TestClass1" name="Test3" time="4.152"/>
</testsuite> <!-- Default test -->
