<?xml version="1.0" encoding="UTF-8"?>
<!-- Generated by org.testng.reporters.JUnitXMLReporter -->
<testsuite ignored="0" hostname="TechAnim" failures="1" tests="3" name="Test" time="6.274" errors="0" timestamp="27 Dec 2023 16:53:49 GMT">
  <testcase classname="com.demoProject.TestClass1" name="@AfterMethod quite" time="0.0">
    <failure type="java.lang.NullPointerException" message="Cannot invoke &amp;quot;org.openqa.selenium.WebDriver.close()&amp;quot; because &amp;quot;com.demoProject.TestClass1.driver&amp;quot; is null">
      <![CDATA[java.lang.NullPointerException: Cannot invoke "org.openqa.selenium.WebDriver.close()" because "com.demoProject.TestClass1.driver" is null
	at com.demoProject.TestClass1.quite(TestClass1.java:62)
... Removed 31 stack frames]]>
    </failure>
  </testcase> <!-- @AfterMethod quite -->
  <testcase classname="com.demoProject.TestClass1" name="@BeforeMethod launchDriver" time="0.0">
    <skipped/>
  </testcase> <!-- @BeforeMethod launchDriver -->
  <testcase classname="com.demoProject.TestClass1" name="@BeforeMethod launchDriver" time="0.0">
    <skipped/>
  </testcase> <!-- @BeforeMethod launchDriver -->
  <testcase classname="com.demoProject.TestClass1" name="Test1" time="0.001">
    <failure type="java.lang.NullPointerException" message="Cannot invoke &amp;quot;org.openqa.selenium.WebDriver.navigate()&amp;quot; because &amp;quot;com.demoProject.TestClass1.driver&amp;quot; is null">
      <![CDATA[java.lang.NullPointerException: Cannot invoke "org.openqa.selenium.WebDriver.navigate()" because "com.demoProject.TestClass1.driver" is null
	at com.demoProject.TestClass1.Test1(TestClass1.java:43)
... Removed 29 stack frames]]>
    </failure>
  </testcase> <!-- Test1 -->
  <testcase classname="com.demoProject.TestClass1" name="Test2" time="0.0">
    <skipped/>
  </testcase> <!-- Test2 -->
  <testcase classname="com.demoProject.TestClass1" name="Test3" time="0.0">
    <skipped/>
  </testcase> <!-- Test3 -->
</testsuite> <!-- Test -->
