<?xml version="1.0" encoding="UTF-8"?>
<!-- Generated by org.testng.reporters.JUnitXMLReporter -->
<testsuite ignored="0" hostname="TechAnim" failures="0" tests="3" name="Test" time="24.566" errors="0" timestamp="03 Dec 2023 09:02:47 GMT">
  <testcase classname="com.demoProject.TestClass1" name="Test1" time="10.116"/>
  <testcase classname="com.demoProject.TestClass1" name="Test2" time="3.123"/>
  <testcase classname="com.demoProject.TestClass1" name="Test3" time="5.186"/>
</testsuite> <!-- Test -->
