<?xml version="1.0" encoding="UTF-8"?>
<testsuite xmlns:xsi="http://www.w3.org/2001/XMLSchema-instance" xsi:noNamespaceSchemaLocation="https://maven.apache.org/surefire/maven-surefire-plugin/xsd/surefire-test-report-3.0.xsd" version="3.0" name="TestSuite" time="7.256" tests="6" errors="0" skipped="4" failures="2">
  <properties>
[...]
</properties>
  <testcase name="Test1" classname="com.demoProject.TestClass1" time="0.004">
    <failure message="Cannot invoke &quot;org.openqa.selenium.WebDriver.navigate()&quot; because &quot;com.demoProject.TestClass1.driver&quot; is null" type="java.lang.NullPointerException"><![CDATA[java.lang.NullPointerException: Cannot invoke "org.openqa.selenium.WebDriver.navigate()" because "com.demoProject.TestClass1.driver" is null
	at com.demoProject.TestClass1.Test1(TestClass1.java:43)
]]></failure>
    <system-out><![CDATA[[TestNGContentHandler] [WARN] It is strongly recommended to add "<!DOCTYPE suite SYSTEM "http://testng.org/testng-1.0.dtd" >" at the top of your file, otherwise TestNG may fail or not work as expected.
]]></system-out>
    <system-err><![CDATA[Dec 27, 2023 10:23:49 PM org.openqa.selenium.remote.ProtocolHandshake createSession
INFO: Detected dialect: W3C
]]></system-err>
  </testcase>
  <testcase name="quite" classname="com.demoProject.TestClass1" time="0.005">
    <failure message="Cannot invoke &quot;org.openqa.selenium.WebDriver.close()&quot; because &quot;com.demoProject.TestClass1.driver&quot; is null" type="java.lang.NullPointerException"><![CDATA[java.lang.NullPointerException: Cannot invoke "org.openqa.selenium.WebDriver.close()" because "com.demoProject.TestClass1.driver" is null
	at com.demoProject.TestClass1.quite(TestClass1.java:62)
]]></failure>
  </testcase>
  <testcase name="launchDriver" classname="com.demoProject.TestClass1" time="0">
    <skipped/>
  </testcase>
  <testcase name="launchDriver" classname="com.demoProject.TestClass1" time="0">
    <skipped/>
  </testcase>
  <testcase name="Test2" classname="com.demoProject.TestClass1" time="0">
    <skipped message="Cannot invoke &quot;org.openqa.selenium.WebDriver.close()&quot; because &quot;com.demoProject.TestClass1.driver&quot; is null"/>
  </testcase>
  <testcase name="Test3" classname="com.demoProject.TestClass1" time="0">
    <skipped message="Cannot invoke &quot;org.openqa.selenium.WebDriver.close()&quot; because &quot;com.demoProject.TestClass1.driver&quot; is null"/>
  </testcase>
</testsuite>