<?xml version="1.0" encoding="UTF-8"?>
<testng-results ignored="0" total="3" passed="3" failed="0" skipped="0">
  <reporter-output>
  </reporter-output>
  <suite started-at="2023-12-03T09:02:23Z" name="Suite" finished-at="2023-12-03T09:02:47Z" duration-ms="24566">
    <groups>
    </groups>
    <test started-at="2023-12-03T09:02:23Z" name="Test" finished-at="2023-12-03T09:02:47Z" duration-ms="24566">
      <class name="com.demoProject.TestClass1">
        <test-method is-config="true" signature="launchDriver()[pri:0, instance:com.demoProject.TestClass1@3370f42]" started-at="2023-12-03T14:32:23Z" name="launchDriver" finished-at="2023-12-03T14:32:24Z" duration-ms="1670" status="PASS">
          <reporter-output>
          </reporter-output>
        </test-method> <!-- launchDriver -->
        <test-method signature="Test1()[pri:0, instance:com.demoProject.TestClass1@3370f42]" started-at="2023-12-03T14:32:24Z" name="Test1" finished-at="2023-12-03T14:32:34Z" duration-ms="10116" status="PASS">
          <reporter-output>
          </reporter-output>
        </test-method> <!-- Test1 -->
        <test-method is-config="true" signature="quite()[pri:0, instance:com.demoProject.TestClass1@3370f42]" started-at="2023-12-03T14:32:34Z" name="quite" finished-at="2023-12-03T14:32:35Z" duration-ms="623" status="PASS">
          <reporter-output>
          </reporter-output>
        </test-method> <!-- quite -->
        <test-method is-config="true" signature="launchDriver()[pri:0, instance:com.demoProject.TestClass1@3370f42]" started-at="2023-12-03T14:32:35Z" name="launchDriver" finished-at="2023-12-03T14:32:36Z" duration-ms="1272" status="PASS">
          <reporter-output>
          </reporter-output>
        </test-method> <!-- launchDriver -->
        <test-method signature="Test2()[pri:0, instance:com.demoProject.TestClass1@3370f42]" started-at="2023-12-03T14:32:36Z" name="Test2" finished-at="2023-12-03T14:32:39Z" duration-ms="3123" status="PASS">
          <reporter-output>
          </reporter-output>
        </test-method> <!-- Test2 -->
        <test-method is-config="true" signature="quite()[pri:0, instance:com.demoProject.TestClass1@3370f42]" started-at="2023-12-03T14:32:39Z" name="quite" finished-at="2023-12-03T14:32:40Z" duration-ms="672" status="PASS">
          <reporter-output>
          </reporter-output>
        </test-method> <!-- quite -->
        <test-method is-config="true" signature="launchDriver()[pri:0, instance:com.demoProject.TestClass1@3370f42]" started-at="2023-12-03T14:32:40Z" name="launchDriver" finished-at="2023-12-03T14:32:41Z" duration-ms="1225" status="PASS">
          <reporter-output>
          </reporter-output>
        </test-method> <!-- launchDriver -->
        <test-method signature="Test3()[pri:0, instance:com.demoProject.TestClass1@3370f42]" started-at="2023-12-03T14:32:41Z" name="Test3" finished-at="2023-12-03T14:32:46Z" duration-ms="5186" status="PASS">
          <reporter-output>
          </reporter-output>
        </test-method> <!-- Test3 -->
        <test-method is-config="true" signature="quite()[pri:0, instance:com.demoProject.TestClass1@3370f42]" started-at="2023-12-03T14:32:46Z" name="quite" finished-at="2023-12-03T14:32:47Z" duration-ms="666" status="PASS">
          <reporter-output>
          </reporter-output>
        </test-method> <!-- quite -->
      </class> <!-- com.demoProject.TestClass1 -->
    </test> <!-- Test -->
  </suite> <!-- Suite -->
</testng-results>
