<?xml version="1.0" encoding="UTF-8"?>
<testng-results ignored="0" total="3" passed="3" failed="0" skipped="0">
  <reporter-output>
  </reporter-output>
  <suite started-at="2023-12-25T07:38:17Z" name="Default suite" finished-at="2023-12-25T07:38:43Z" duration-ms="26031">
    <groups>
    </groups>
    <test started-at="2023-12-25T07:38:17Z" name="Default test" finished-at="2023-12-25T07:38:43Z" duration-ms="26031">
      <class name="com.demoProject.TestClass1">
        <test-method is-config="true" signature="launchDriver()[pri:0, instance:com.demoProject.TestClass1@48793bef]" started-at="2023-12-25T13:08:17Z" name="launchDriver" finished-at="2023-12-25T13:08:19Z" duration-ms="1853" status="PASS">
          <reporter-output>
          </reporter-output>
        </test-method> <!-- launchDriver -->
        <test-method signature="Test1()[pri:0, instance:com.demoProject.TestClass1@48793bef]" started-at="2023-12-25T13:08:19Z" name="Test1" finished-at="2023-12-25T13:08:28Z" duration-ms="9275" status="PASS">
          <reporter-output>
          </reporter-output>
        </test-method> <!-- Test1 -->
        <test-method is-config="true" signature="quite()[pri:0, instance:com.demoProject.TestClass1@48793bef]" started-at="2023-12-25T13:08:28Z" name="quite" finished-at="2023-12-25T13:08:29Z" duration-ms="629" status="PASS">
          <reporter-output>
          </reporter-output>
        </test-method> <!-- quite -->
        <test-method is-config="true" signature="launchDriver()[pri:0, instance:com.demoProject.TestClass1@48793bef]" started-at="2023-12-25T13:08:29Z" name="launchDriver" finished-at="2023-12-25T13:08:30Z" duration-ms="1253" status="PASS">
          <reporter-output>
          </reporter-output>
        </test-method> <!-- launchDriver -->
        <test-method signature="Test2()[pri:0, instance:com.demoProject.TestClass1@48793bef]" started-at="2023-12-25T13:08:30Z" name="Test2" finished-at="2023-12-25T13:08:37Z" duration-ms="6935" status="PASS">
          <reporter-output>
          </reporter-output>
        </test-method> <!-- Test2 -->
        <test-method is-config="true" signature="quite()[pri:0, instance:com.demoProject.TestClass1@48793bef]" started-at="2023-12-25T13:08:37Z" name="quite" finished-at="2023-12-25T13:08:38Z" duration-ms="622" status="PASS">
          <reporter-output>
          </reporter-output>
        </test-method> <!-- quite -->
        <test-method is-config="true" signature="launchDriver()[pri:0, instance:com.demoProject.TestClass1@48793bef]" started-at="2023-12-25T13:08:38Z" name="launchDriver" finished-at="2023-12-25T13:08:39Z" duration-ms="1198" status="PASS">
          <reporter-output>
          </reporter-output>
        </test-method> <!-- launchDriver -->
        <test-method signature="Test3()[pri:0, instance:com.demoProject.TestClass1@48793bef]" started-at="2023-12-25T13:08:39Z" name="Test3" finished-at="2023-12-25T13:08:43Z" duration-ms="3558" status="PASS">
          <reporter-output>
          </reporter-output>
        </test-method> <!-- Test3 -->
        <test-method is-config="true" signature="quite()[pri:0, instance:com.demoProject.TestClass1@48793bef]" started-at="2023-12-25T13:08:43Z" name="quite" finished-at="2023-12-25T13:08:43Z" duration-ms="675" status="PASS">
          <reporter-output>
          </reporter-output>
        </test-method> <!-- quite -->
      </class> <!-- com.demoProject.TestClass1 -->
    </test> <!-- Default test -->
  </suite> <!-- Default suite -->
</testng-results>
