<?xml version="1.0" encoding="UTF-8"?>
<testng-results ignored="0" total="3" passed="3" failed="0" skipped="0">
  <reporter-output>
  </reporter-output>
  <suite started-at="2023-12-29T23:30:03Z" name="Default suite" finished-at="2023-12-29T23:30:47Z" duration-ms="43324">
    <groups>
    </groups>
    <test started-at="2023-12-29T23:30:03Z" name="Default test" finished-at="2023-12-29T23:30:47Z" duration-ms="43324">
      <class name="com.demoProject.TestClass1">
        <test-method is-config="true" signature="launchDriver()[pri:0, instance:com.demoProject.TestClass1@3eb77ea8]" started-at="2023-12-30T05:00:03Z" name="launchDriver" finished-at="2023-12-30T05:00:09Z" duration-ms="5263" status="PASS">
          <reporter-output>
          </reporter-output>
        </test-method> <!-- launchDriver -->
        <test-method signature="Test1()[pri:0, instance:com.demoProject.TestClass1@3eb77ea8]" started-at="2023-12-30T05:00:09Z" name="Test1" finished-at="2023-12-30T05:00:11Z" duration-ms="2639" status="PASS">
          <reporter-output>
          </reporter-output>
        </test-method> <!-- Test1 -->
        <test-method is-config="true" signature="quite()[pri:0, instance:com.demoProject.TestClass1@3eb77ea8]" started-at="2023-12-30T05:00:11Z" name="quite" finished-at="2023-12-30T05:00:13Z" duration-ms="1426" status="PASS">
          <reporter-output>
          </reporter-output>
        </test-method> <!-- quite -->
        <test-method is-config="true" signature="launchDriver()[pri:0, instance:com.demoProject.TestClass1@3eb77ea8]" started-at="2023-12-30T05:00:13Z" name="launchDriver" finished-at="2023-12-30T05:00:25Z" duration-ms="12162" status="PASS">
          <reporter-output>
          </reporter-output>
        </test-method> <!-- launchDriver -->
        <test-method signature="Test2()[pri:0, instance:com.demoProject.TestClass1@3eb77ea8]" started-at="2023-12-30T05:00:25Z" name="Test2" finished-at="2023-12-30T05:00:35Z" duration-ms="10249" status="PASS">
          <reporter-output>
          </reporter-output>
        </test-method> <!-- Test2 -->
        <test-method is-config="true" signature="quite()[pri:0, instance:com.demoProject.TestClass1@3eb77ea8]" started-at="2023-12-30T05:00:35Z" name="quite" finished-at="2023-12-30T05:00:36Z" duration-ms="1341" status="PASS">
          <reporter-output>
          </reporter-output>
        </test-method> <!-- quite -->
        <test-method is-config="true" signature="launchDriver()[pri:0, instance:com.demoProject.TestClass1@3eb77ea8]" started-at="2023-12-30T05:00:36Z" name="launchDriver" finished-at="2023-12-30T05:00:41Z" duration-ms="4810" status="PASS">
          <reporter-output>
          </reporter-output>
        </test-method> <!-- launchDriver -->
        <test-method signature="Test3()[pri:0, instance:com.demoProject.TestClass1@3eb77ea8]" started-at="2023-12-30T05:00:41Z" name="Test3" finished-at="2023-12-30T05:00:45Z" duration-ms="4152" status="PASS">
          <reporter-output>
          </reporter-output>
        </test-method> <!-- Test3 -->
        <test-method is-config="true" signature="quite()[pri:0, instance:com.demoProject.TestClass1@3eb77ea8]" started-at="2023-12-30T05:00:45Z" name="quite" finished-at="2023-12-30T05:00:47Z" duration-ms="1256" status="PASS">
          <reporter-output>
          </reporter-output>
        </test-method> <!-- quite -->
      </class> <!-- com.demoProject.TestClass1 -->
    </test> <!-- Default test -->
  </suite> <!-- Default suite -->
</testng-results>
